2025-10-29 11:18:04,296 - apscheduler.scheduler - INFO - Adding job tentatively -- it will be properly scheduled when the scheduler starts
2025-10-29 11:18:04,296 - __main__ - INFO - 
2025-10-29 11:18:04,329 - __main__ - INFO - 
2025-10-29 11:18:04,329 - __main__ - INFO - [SCHEDULER] Configuration:
2025-10-29 11:18:04,329 - __main__ - INFO -   Script: rapidapi_amazon_collector.py
2025-10-29 11:18:04,329 - __main__ - INFO -   Timeout: 30 minutes per run
2025-10-29 11:18:04,329 - __main__ - INFO -   Fallback: CSV mode if database unavailable
2025-10-29 11:18:04,329 - __main__ - INFO - 
2025-10-29 11:18:04,329 - __main__ - INFO - [SCHEDULER] Scheduled jobs:
2025-10-29 11:21:38,203 - apscheduler.scheduler - INFO - Adding job tentatively -- it will be properly scheduled when the scheduler starts
2025-10-29 11:21:38,204 - __main__ - INFO - 
2025-10-29 11:21:38,204 - __main__ - INFO - ======================================================================
2025-10-29 11:21:38,205 - __main__ - INFO -   RAPIDAPI AMAZON SCHEDULER - TEST MODE
2025-10-29 11:21:38,205 - __main__ - INFO -   Scheduled for 11:30 AM
2025-10-29 11:21:38,205 - __main__ - INFO - ======================================================================
2025-10-29 11:21:38,206 - __main__ - INFO - 
2025-10-29 11:21:38,206 - __main__ - INFO - [SCHEDULER] Configuration:
2025-10-29 11:21:38,206 - __main__ - INFO -   Script: rapidapi_amazon_collector.py
2025-10-29 11:21:38,207 - __main__ - INFO -   Timeout: 30 minutes per run
2025-10-29 11:21:38,207 - __main__ - INFO -   Fallback: CSV mode if database unavailable
2025-10-29 11:21:38,208 - __main__ - INFO - 
2025-10-29 11:21:38,208 - __main__ - INFO - [SCHEDULER] Scheduled jobs:
2025-10-29 11:21:38,208 - __main__ - INFO -   JOB: TEST: RapidAPI Collection at 11:30 AM
2025-10-29 11:21:38,208 - __main__ - INFO -        Next run: 2025-10-29 11:30:00+05:30
2025-10-29 11:21:38,209 - __main__ - INFO - 
2025-10-29 11:21:38,209 - __main__ - INFO - ======================================================================
2025-10-29 11:21:38,209 - __main__ - INFO - [INFO] Press Ctrl+C to stop the scheduler
2025-10-29 11:21:38,209 - __main__ - INFO - ======================================================================
2025-10-29 11:21:38,209 - __main__ - INFO - 
2025-10-29 11:21:38,229 - apscheduler.scheduler - INFO - Added job "TEST: RapidAPI Collection at 11:30 AM" to job store "default"
2025-10-29 11:21:38,229 - apscheduler.scheduler - INFO - Scheduler started
2025-10-29 11:30:00,005 - apscheduler.executors.default - INFO - Running job "TEST: RapidAPI Collection at 11:30 AM (trigger: cron[hour='11', minute='30'], next run at: 2025-10-29 11:30:00 IST)" (scheduled at 2025-10-29 11:30:00+05:30)
2025-10-29 11:30:00,009 - __main__ - INFO - ======================================================================
2025-10-29 11:30:00,011 - __main__ - INFO - [SCHEDULER] Starting RapidAPI Amazon collection at 2025-10-29 11:30:00.010945
2025-10-29 11:30:00,012 - __main__ - INFO - ======================================================================
2025-10-29 11:31:29,267 - __main__ - INFO - [OUTPUT]
2025-10-29 11:30:01,264 - INFO - [CONFIG] Configuration loaded
2025-10-29 11:30:01,265 - INFO - [RapidAPI] Client initialized for host: real-time-amazon-data.p.rapidapi.com
2025-10-29 11:30:01,266 - INFO - [CSV] Output directory: data_output
2025-10-29 11:30:01,267 - INFO - [START] Collector starting
2025-10-29 11:30:01,267 - INFO - [DB] Attempt 1/3 connecting to DB...
2025-10-29 11:30:03,654 - ERROR - [DB] Connect error: connection to server at "122.176.108.253", port 5432 failed: Connection refused (0x0000274D/10061)
	Is the server running on that host and accepting TCP/IP connections?

2025-10-29 11:30:03,655 - INFO - [DB] Retrying in 2s...
2025-10-29 11:30:05,656 - INFO - [DB] Attempt 2/3 connecting to DB...
2025-10-29 11:30:08,090 - ERROR - [DB] Connect error: connection to server at "122.176.108.253", port 5432 failed: Connection refused (0x0000274D/10061)
	Is the server running on that host and accepting TCP/IP connections?

2025-10-29 11:30:08,091 - INFO - [DB] Retrying in 4s...
2025-10-29 11:30:12,091 - INFO - [DB] Attempt 3/3 connecting to DB...
2025-10-29 11:30:14,712 - ERROR - [DB] Connect error: connection to server at "122.176.108.253", port 5432 failed: Connection refused (0x0000274D/10061)
	Is the server running on that host and accepting TCP/IP connections?

2025-10-29 11:30:14,712 - ERROR - [DB] Could not connect after 3 attempts. Last error: connection to server at "122.176.108.253", port 5432 failed: Connection refused (0x0000274D/10061)
	Is the server running on that host and accepting TCP/IP connections?

2025-10-29 11:30:14,712 - WARNING - [MODE] DB unavailable — using CSV storage
2025-10-29 11:30:14,713 - INFO - [PROGRESS] Category 1/3
2025-10-29 11:30:14,713 - INFO - 
======================================================================
2025-10-29 11:30:14,713 - INFO - [COLLECT] Baby Products (ID: 1350380031)
2025-10-29 11:30:14,713 - INFO - [PAGE] Fetching page 1/5...
2025-10-29 11:30:14,713 - INFO - [RapidAPI] Fetching products: category=1350380031, page=1, country=IN
2025-10-29 11:30:18,032 - INFO - [CSV] Saved 24 products to data_output\all_products_IN_20251029_113001.csv
2025-10-29 11:30:18,034 - INFO - [SAVED] 24 products from page 1
2025-10-29 11:30:20,035 - INFO - [PAGE] Fetching page 2/5...
2025-10-29 11:30:20,035 - INFO - [RapidAPI] Fetching products: category=1350380031, page=2, country=IN
2025-10-29 11:30:23,015 - INFO - [CSV] Saved 24 products to data_output\all_products_IN_20251029_113001.csv
2025-10-29 11:30:23,016 - INFO - [SAVED] 24 products from page 2
2025-10-29 11:30:25,016 - INFO - [PAGE] Fetching page 3/5...
2025-10-29 11:30:25,017 - INFO - [RapidAPI] Fetching products: category=1350380031, page=3, country=IN
2025-10-29 11:30:27,999 - INFO - [CSV] Saved 24 products to data_output\all_products_IN_20251029_113001.csv
2025-10-29 11:30:27,999 - INFO - [SAVED] 24 products from page 3
2025-10-29 11:30:29,999 - INFO - [PAGE] Fetching page 4/5...
2025-10-29 11:30:29,999 - INFO - [RapidAPI] Fetching products: category=1350380031, page=4, country=IN
2025-10-29 11:30:32,655 - INFO - [CSV] Saved 24 products to data_output\all_products_IN_20251029_113001.csv
2025-10-29 11:30:32,655 - INFO - [SAVED] 24 products from page 4
2025-10-29 11:30:34,656 - INFO - [PAGE] Fetching page 5/5...
2025-10-29 11:30:34,656 - INFO - [RapidAPI] Fetching products: category=1350380031, page=5, country=IN
2025-10-29 11:30:38,064 - INFO - [CSV] Saved 24 products to data_output\all_products_IN_20251029_113001.csv
2025-10-29 11:30:38,064 - INFO - [SAVED] 24 products from page 5
2025-10-29 11:30:38,064 - INFO - [RESULT] Saved 120 products for category Baby Products
2025-10-29 11:30:41,064 - INFO - [PROGRESS] Category 2/3
2025-10-29 11:30:41,065 - INFO - 
======================================================================
2025-10-29 11:30:41,065 - INFO - [COLLECT] Electronics (ID: 976419031)
2025-10-29 11:30:41,065 - INFO - [PAGE] Fetching page 1/5...
2025-10-29 11:30:41,065 - INFO - [RapidAPI] Fetching products: category=976419031, page=1, country=IN
2025-10-29 11:30:43,701 - INFO - [CSV] Saved 24 products to data_output\all_products_IN_20251029_113001.csv
2025-10-29 11:30:43,701 - INFO - [SAVED] 24 products from page 1
2025-10-29 11:30:45,701 - INFO - [PAGE] Fetching page 2/5...
2025-10-29 11:30:45,701 - INFO - [RapidAPI] Fetching products: category=976419031, page=2, country=IN
2025-10-29 11:30:48,477 - INFO - [CSV] Saved 24 products to data_output\all_products_IN_20251029_113001.csv
2025-10-29 11:30:48,478 - INFO - [SAVED] 24 products from page 2
2025-10-29 11:30:50,478 - INFO - [PAGE] Fetching page 3/5...
2025-10-29 11:30:50,478 - INFO - [RapidAPI] Fetching products: category=976419031, page=3, country=IN
2025-10-29 11:30:53,610 - INFO - [CSV] Saved 24 products to data_output\all_products_IN_20251029_113001.csv
2025-10-29 11:30:53,610 - INFO - [SAVED] 24 products from page 3
2025-10-29 11:30:55,611 - INFO - [PAGE] Fetching page 4/5...
2025-10-29 11:30:55,611 - INFO - [RapidAPI] Fetching products: category=976419031, page=4, country=IN
2025-10-29 11:30:58,733 - INFO - [CSV] Saved 24 products to data_output\all_products_IN_20251029_113001.csv
2025-10-29 11:30:58,733 - INFO - [SAVED] 24 products from page 4
2025-10-29 11:31:00,734 - INFO - [PAGE] Fetching page 5/5...
2025-10-29 11:31:00,734 - INFO - [RapidAPI] Fetching products: category=976419031, page=5, country=IN
2025-10-29 11:31:03,456 - INFO - [CSV] Saved 24 products to data_output\all_products_IN_20251029_113001.csv
2025-10-29 11:31:03,457 - INFO - [SAVED] 24 products from page 5
2025-10-29 11:31:03,457 - INFO - [RESULT] Saved 120 products for category Electronics
2025-10-29 11:31:06,458 - INFO - [PROGRESS] Category 3/3
2025-10-29 11:31:06,458 - INFO - 
======================================================================
2025-10-29 11:31:06,458 - INFO - [COLLECT] Computers & Accessories (ID: 976392031)
2025-10-29 11:31:06,458 - INFO - [PAGE] Fetching page 1/5...
2025-10-29 11:31:06,459 - INFO - [RapidAPI] Fetching products: category=976392031, page=1, country=IN
2025-10-29 11:31:09,508 - INFO - [CSV] Saved 24 products to data_output\all_products_IN_20251029_113001.csv
2025-10-29 11:31:09,509 - INFO - [SAVED] 24 products from page 1
2025-10-29 11:31:11,510 - INFO - [PAGE] Fetching page 2/5...
2025-10-29 11:31:11,510 - INFO - [RapidAPI] Fetching products: category=976392031, page=2, country=IN
2025-10-29 11:31:14,197 - INFO - [CSV] Saved 24 products to data_output\all_products_IN_20251029_113001.csv
2025-10-29 11:31:14,197 - INFO - [SAVED] 24 products from page 2
2025-10-29 11:31:16,198 - INFO - [PAGE] Fetching page 3/5...
2025-10-29 11:31:16,198 - INFO - [RapidAPI] Fetching products: category=976392031, page=3, country=IN
2025-10-29 11:31:19,328 - INFO - [CSV] Saved 24 products to data_output\all_products_IN_20251029_113001.csv
2025-10-29 11:31:19,328 - INFO - [SAVED] 24 products from page 3
2025-10-29 11:31:21,329 - INFO - [PAGE] Fetching page 4/5...
2025-10-29 11:31:21,329 - INFO - [RapidAPI] Fetching products: category=976392031, page=4, country=IN
2025-10-29 11:31:24,254 - INFO - [CSV] Saved 24 products to data_output\all_products_IN_20251029_113001.csv
2025-10-29 11:31:24,255 - INFO - [SAVED] 24 products from page 4
2025-10-29 11:31:26,256 - INFO - [PAGE] Fetching page 5/5...
2025-10-29 11:31:26,257 - INFO - [RapidAPI] Fetching products: category=976392031, page=5, country=IN
2025-10-29 11:31:29,210 - INFO - [CSV] Saved 24 products to data_output\all_products_IN_20251029_113001.csv
2025-10-29 11:31:29,210 - INFO - [SAVED] 24 products from page 5
2025-10-29 11:31:29,210 - INFO - [RESULT] Saved 120 products for category Computers & Accessories
2025-10-29 11:31:29,213 - INFO - [CSV] Summary saved to data_output\summary_20251029_113129.json
2025-10-29 11:31:29,214 - INFO - [COMPLETE] Collected 360 products; 3/3 categories succeeded.
2025-10-29 11:31:29,214 - INFO - [OUTPUT] CSV: data_output\all_products_IN_20251029_113001.csv

2025-10-29 11:31:29,274 - __main__ - ERROR - [STDERR]
--- Logging error ---
Traceback (most recent call last):
  File "C:\Python313\Lib\logging\__init__.py", line 1154, in emit
    stream.write(msg + self.terminator)
    ~~~~~~~~~~~~^^^^^^^^^^^^^^^^^^^^^^^
  File "C:\Python313\Lib\encodings\cp1252.py", line 19, in encode
    return codecs.charmap_encode(input,self.errors,encoding_table)[0]
           ~~~~~~~~~~~~~~~~~~~~~^^^^^^^^^^^^^^^^^^^^^^^^^^^^^^^^^^
UnicodeEncodeError: 'charmap' codec can't encode character '\u2713' in position 44: character maps to <undefined>
Call stack:
  File "C:\Users\AFI-02-AI\Desktop\TrendSensei\server_py\rapidapi_amazon_collector.py", line 920, in <module>
    main()
  File "C:\Users\AFI-02-AI\Desktop\TrendSensei\server_py\rapidapi_amazon_collector.py", line 892, in main
    results = collector.collect_all()
  File "C:\Users\AFI-02-AI\Desktop\TrendSensei\server_py\rapidapi_amazon_collector.py", line 878, in collect_all
    res = self.collect_category(cat_id, cat_name)
  File "C:\Users\AFI-02-AI\Desktop\TrendSensei\server_py\rapidapi_amazon_collector.py", line 835, in collect_category
    response = self.api.get_products_by_category(
  File "C:\Users\AFI-02-AI\Desktop\TrendSensei\server_py\rest_client.py", line 283, in get_products_by_category
    logger.info(f"[RapidAPI] \u2713 Success: {products_count} products (total available: {total})")
Message: '[RapidAPI] \u2713 Success: 24 products (total available: 71898)'
Arguments: ()
--- Logging error ---
Traceback (most recent call last):
  File "C:\Python313\Lib\logging\__init__.py", line 1154, in emit
    stream.write(msg + self.terminator)
    ~~~~~~~~~~~~^^^^^^^^^^^^^^^^^^^^^^^
  File "C:\Python313\Lib\encodings\cp1252.py", line 19, in encode
    return codecs.charmap_encode(input,self.errors,encoding_table)[0]
           ~~~~~~~~~~~~~~~~~~~~~^^^^^^^^^^^^^^^^^^^^^^^^^^^^^^^^^^
UnicodeEncodeError: 'charmap' codec can't encode character '\u2713' in position 44: character maps to <undefined>
Call stack:
  File "C:\Users\AFI-02-AI\Desktop\TrendSensei\server_py\rapidapi_amazon_collector.py", line 920, in <module>
    main()
  File "C:\Users\AFI-02-AI\Desktop\TrendSensei\server_py\rapidapi_amazon_collector.py", line 892, in main
    results = collector.collect_all()
  File "C:\Users\AFI-02-AI\Desktop\TrendSensei\server_py\rapidapi_amazon_collector.py", line 878, in collect_all
    res = self.collect_category(cat_id, cat_name)
  File "C:\Users\AFI-02-AI\Desktop\TrendSensei\server_py\rapidapi_amazon_collector.py", line 835, in collect_category
    response = self.api.get_products_by_category(
  File "C:\Users\AFI-02-AI\Desktop\TrendSensei\server_py\rest_client.py", line 283, in get_products_by_category
    logger.info(f"[RapidAPI] \u2713 Success: {products_count} products (total available: {total})")
Message: '[RapidAPI] \u2713 Success: 24 products (total available: 71898)'
Arguments: ()
--- Logging error ---
Traceback (most recent call last):
  File "C:\Python313\Lib\logging\__init__.py", line 1154, in emit
    stream.write(msg + self.terminator)
    ~~~~~~~~~~~~^^^^^^^^^^^^^^^^^^^^^^^
  File "C:\Python313\Lib\encodings\cp1252.py", line 19, in encode
    return codecs.charmap_encode(input,self.errors,encoding_table)[0]
           ~~~~~~~~~~~~~~~~~~~~~^^^^^^^^^^^^^^^^^^^^^^^^^^^^^^^^^^
UnicodeEncodeError: 'charmap' codec can't encode character '\u2713' in position 44: character maps to <undefined>
Call stack:
  File "C:\Users\AFI-02-AI\Desktop\TrendSensei\server_py\rapidapi_amazon_collector.py", line 920, in <module>
    main()
  File "C:\Users\AFI-02-AI\Desktop\TrendSensei\server_py\rapidapi_amazon_collector.py", line 892, in main
    results = collector.collect_all()
  File "C:\Users\AFI-02-AI\Desktop\TrendSensei\server_py\rapidapi_amazon_collector.py", line 878, in collect_all
    res = self.collect_category(cat_id, cat_name)
  File "C:\Users\AFI-02-AI\Desktop\TrendSensei\server_py\rapidapi_amazon_collector.py", line 835, in collect_category
    response = self.api.get_products_by_category(
  File "C:\Users\AFI-02-AI\Desktop\TrendSensei\server_py\rest_client.py", line 283, in get_products_by_category
    logger.info(f"[RapidAPI] \u2713 Success: {products_count} products (total available: {total})")
Message: '[RapidAPI] \u2713 Success: 24 products (total available: 71898)'
Arguments: ()
--- Logging error ---
Traceback (most recent call last):
  File "C:\Python313\Lib\logging\__init__.py", line 1154, in emit
    stream.write(msg + self.terminator)
    ~~~~~~~~~~~~^^^^^^^^^^^^^^^^^^^^^^^
  File "C:\Python313\Lib\encodings\cp1252.py", line 19, in encode
    return codecs.charmap_encode(input,self.errors,encoding_table)[0]
           ~~~~~~~~~~~~~~~~~~~~~^^^^^^^^^^^^^^^^^^^^^^^^^^^^^^^^^^
UnicodeEncodeError: 'charmap' codec can't encode character '\u2713' in position 44: character maps to <undefined>
Call stack:
  File "C:\Users\AFI-02-AI\Desktop\TrendSensei\server_py\rapidapi_amazon_collector.py", line 920, in <module>
    main()
  File "C:\Users\AFI-02-AI\Desktop\TrendSensei\server_py\rapidapi_amazon_collector.py", line 892, in main
    results = collector.collect_all()
  File "C:\Users\AFI-02-AI\Desktop\TrendSensei\server_py\rapidapi_amazon_collector.py", line 878, in collect_all
    res = self.collect_category(cat_id, cat_name)
  File "C:\Users\AFI-02-AI\Desktop\TrendSensei\server_py\rapidapi_amazon_collector.py", line 835, in collect_category
    response = self.api.get_products_by_category(
  File "C:\Users\AFI-02-AI\Desktop\TrendSensei\server_py\rest_client.py", line 283, in get_products_by_category
    logger.info(f"[RapidAPI] \u2713 Success: {products_count} products (total available: {total})")
Message: '[RapidAPI] \u2713 Success: 24 products (total available: 71898)'
Arguments: ()
--- Logging error ---
Traceback (most recent call last):
  File "C:\Python313\Lib\logging\__init__.py", line 1154, in emit
    stream.write(msg + self.terminator)
    ~~~~~~~~~~~~^^^^^^^^^^^^^^^^^^^^^^^
  File "C:\Python313\Lib\encodings\cp1252.py", line 19, in encode
    return codecs.charmap_encode(input,self.errors,encoding_table)[0]
           ~~~~~~~~~~~~~~~~~~~~~^^^^^^^^^^^^^^^^^^^^^^^^^^^^^^^^^^
UnicodeEncodeError: 'charmap' codec can't encode character '\u2713' in position 44: character maps to <undefined>
Call stack:
  File "C:\Users\AFI-02-AI\Desktop\TrendSensei\server_py\rapidapi_amazon_collector.py", line 920, in <module>
    main()
  File "C:\Users\AFI-02-AI\Desktop\TrendSensei\server_py\rapidapi_amazon_collector.py", line 892, in main
    results = collector.collect_all()
  File "C:\Users\AFI-02-AI\Desktop\TrendSensei\server_py\rapidapi_amazon_collector.py", line 878, in collect_all
    res = self.collect_category(cat_id, cat_name)
  File "C:\Users\AFI-02-AI\Desktop\TrendSensei\server_py\rapidapi_amazon_collector.py", line 835, in collect_category
    response = self.api.get_products_by_category(
  File "C:\Users\AFI-02-AI\Desktop\TrendSensei\server_py\rest_client.py", line 283, in get_products_by_category
    logger.info(f"[RapidAPI] \u2713 Success: {products_count} products (total available: {total})")
Message: '[RapidAPI] \u2713 Success: 24 products (total available: 71495)'
Arguments: ()
--- Logging error ---
Traceback (most recent call last):
  File "C:\Python313\Lib\logging\__init__.py", line 1154, in emit
    stream.write(msg + self.terminator)
    ~~~~~~~~~~~~^^^^^^^^^^^^^^^^^^^^^^^
  File "C:\Python313\Lib\encodings\cp1252.py", line 19, in encode
    return codecs.charmap_encode(input,self.errors,encoding_table)[0]
           ~~~~~~~~~~~~~~~~~~~~~^^^^^^^^^^^^^^^^^^^^^^^^^^^^^^^^^^
UnicodeEncodeError: 'charmap' codec can't encode character '\u2713' in position 44: character maps to <undefined>
Call stack:
  File "C:\Users\AFI-02-AI\Desktop\TrendSensei\server_py\rapidapi_amazon_collector.py", line 920, in <module>
    main()
  File "C:\Users\AFI-02-AI\Desktop\TrendSensei\server_py\rapidapi_amazon_collector.py", line 892, in main
    results = collector.collect_all()
  File "C:\Users\AFI-02-AI\Desktop\TrendSensei\server_py\rapidapi_amazon_collector.py", line 878, in collect_all
    res = self.collect_category(cat_id, cat_name)
  File "C:\Users\AFI-02-AI\Desktop\TrendSensei\server_py\rapidapi_amazon_collector.py", line 835, in collect_category
    response = self.api.get_products_by_category(
  File "C:\Users\AFI-02-AI\Desktop\TrendSensei\server_py\rest_client.py", line 283, in get_products_by_category
    logger.info(f"[RapidAPI] \u2713 Success: {products_count} products (total available: {total})")
Message: '[RapidAPI] \u2713 Success: 24 products (total available: 70712)'
Arguments: ()
--- Logging error ---
Traceback (most recent call last):
  File "C:\Python313\Lib\logging\__init__.py", line 1154, in emit
    stream.write(msg + self.terminator)
    ~~~~~~~~~~~~^^^^^^^^^^^^^^^^^^^^^^^
  File "C:\Python313\Lib\encodings\cp1252.py", line 19, in encode
    return codecs.charmap_encode(input,self.errors,encoding_table)[0]
           ~~~~~~~~~~~~~~~~~~~~~^^^^^^^^^^^^^^^^^^^^^^^^^^^^^^^^^^
UnicodeEncodeError: 'charmap' codec can't encode character '\u2713' in position 44: character maps to <undefined>
Call stack:
  File "C:\Users\AFI-02-AI\Desktop\TrendSensei\server_py\rapidapi_amazon_collector.py", line 920, in <module>
    main()
  File "C:\Users\AFI-02-AI\Desktop\TrendSensei\server_py\rapidapi_amazon_collector.py", line 892, in main
    results = collector.collect_all()
  File "C:\Users\AFI-02-AI\Desktop\TrendSensei\server_py\rapidapi_amazon_collector.py", line 878, in collect_all
    res = self.collect_category(cat_id, cat_name)
  File "C:\Users\AFI-02-AI\Desktop\TrendSensei\server_py\rapidapi_amazon_collector.py", line 835, in collect_category
    response = self.api.get_products_by_category(
  File "C:\Users\AFI-02-AI\Desktop\TrendSensei\server_py\rest_client.py", line 283, in get_products_by_category
    logger.info(f"[RapidAPI] \u2713 Success: {products_count} products (total available: {total})")
Message: '[RapidAPI] \u2713 Success: 24 products (total available: 72686)'
Arguments: ()
--- Logging error ---
Traceback (most recent call last):
  File "C:\Python313\Lib\logging\__init__.py", line 1154, in emit
    stream.write(msg + self.terminator)
    ~~~~~~~~~~~~^^^^^^^^^^^^^^^^^^^^^^^
  File "C:\Python313\Lib\encodings\cp1252.py", line 19, in encode
    return codecs.charmap_encode(input,self.errors,encoding_table)[0]
           ~~~~~~~~~~~~~~~~~~~~~^^^^^^^^^^^^^^^^^^^^^^^^^^^^^^^^^^
UnicodeEncodeError: 'charmap' codec can't encode character '\u2713' in position 44: character maps to <undefined>
Call stack:
  File "C:\Users\AFI-02-AI\Desktop\TrendSensei\server_py\rapidapi_amazon_collector.py", line 920, in <module>
    main()
  File "C:\Users\AFI-02-AI\Desktop\TrendSensei\server_py\rapidapi_amazon_collector.py", line 892, in main
    results = collector.collect_all()
  File "C:\Users\AFI-02-AI\Desktop\TrendSensei\server_py\rapidapi_amazon_collector.py", line 878, in collect_all
    res = self.collect_category(cat_id, cat_name)
  File "C:\Users\AFI-02-AI\Desktop\TrendSensei\server_py\rapidapi_amazon_collector.py", line 835, in collect_category
    response = self.api.get_products_by_category(
  File "C:\Users\AFI-02-AI\Desktop\TrendSensei\server_py\rest_client.py", line 283, in get_products_by_category
    logger.info(f"[RapidAPI] \u2713 Success: {products_count} products (total available: {total})")
Message: '[RapidAPI] \u2713 Success: 24 products (total available: 70327)'
Arguments: ()
--- Logging error ---
Traceback (most recent call last):
  File "C:\Python313\Lib\logging\__init__.py", line 1154, in emit
    stream.write(msg + self.terminator)
    ~~~~~~~~~~~~^^^^^^^^^^^^^^^^^^^^^^^
  File "C:\Python313\Lib\encodings\cp1252.py", line 19, in encode
    return codecs.charmap_encode(input,self.errors,encoding_table)[0]
           ~~~~~~~~~~~~~~~~~~~~~^^^^^^^^^^^^^^^^^^^^^^^^^^^^^^^^^^
UnicodeEncodeError: 'charmap' codec can't encode character '\u2713' in position 44: character maps to <undefined>
Call stack:
  File "C:\Users\AFI-02-AI\Desktop\TrendSensei\server_py\rapidapi_amazon_collector.py", line 920, in <module>
    main()
  File "C:\Users\AFI-02-AI\Desktop\TrendSensei\server_py\rapidapi_amazon_collector.py", line 892, in main
    results = collector.collect_all()
  File "C:\Users\AFI-02-AI\Desktop\TrendSensei\server_py\rapidapi_amazon_collector.py", line 878, in collect_all
    res = self.collect_category(cat_id, cat_name)
  File "C:\Users\AFI-02-AI\Desktop\TrendSensei\server_py\rapidapi_amazon_collector.py", line 835, in collect_category
    response = self.api.get_products_by_category(
  File "C:\Users\AFI-02-AI\Desktop\TrendSensei\server_py\rest_client.py", line 283, in get_products_by_category
    logger.info(f"[RapidAPI] \u2713 Success: {products_count} products (total available: {total})")
Message: '[RapidAPI] \u2713 Success: 24 products (total available: 70033)'
Arguments: ()
--- Logging error ---
Traceback (most recent call last):
  File "C:\Python313\Lib\logging\__init__.py", line 1154, in emit
    stream.write(msg + self.terminator)
    ~~~~~~~~~~~~^^^^^^^^^^^^^^^^^^^^^^^
  File "C:\Python313\Lib\encodings\cp1252.py", line 19, in encode
    return codecs.charmap_encode(input,self.errors,encoding_table)[0]
           ~~~~~~~~~~~~~~~~~~~~~^^^^^^^^^^^^^^^^^^^^^^^^^^^^^^^^^^
UnicodeEncodeError: 'charmap' codec can't encode character '\u2713' in position 44: character maps to <undefined>
Call stack:
  File "C:\Users\AFI-02-AI\Desktop\TrendSensei\server_py\rapidapi_amazon_collector.py", line 920, in <module>
    main()
  File "C:\Users\AFI-02-AI\Desktop\TrendSensei\server_py\rapidapi_amazon_collector.py", line 892, in main
    results = collector.collect_all()
  File "C:\Users\AFI-02-AI\Desktop\TrendSensei\server_py\rapidapi_amazon_collector.py", line 878, in collect_all
    res = self.collect_category(cat_id, cat_name)
  File "C:\Users\AFI-02-AI\Desktop\TrendSensei\server_py\rapidapi_amazon_collector.py", line 835, in collect_category
    response = self.api.get_products_by_category(
  File "C:\Users\AFI-02-AI\Desktop\TrendSensei\server_py\rest_client.py", line 283, in get_products_by_category
    logger.info(f"[RapidAPI] \u2713 Success: {products_count} products (total available: {total})")
Message: '[RapidAPI] \u2713 Success: 24 products (total available: 77148)'
Arguments: ()
--- Logging error ---
Traceback (most recent call last):
  File "C:\Python313\Lib\logging\__init__.py", line 1154, in emit
    stream.write(msg + self.terminator)
    ~~~~~~~~~~~~^^^^^^^^^^^^^^^^^^^^^^^
  File "C:\Python313\Lib\encodings\cp1252.py", line 19, in encode
    return codecs.charmap_encode(input,self.errors,encoding_table)[0]
           ~~~~~~~~~~~~~~~~~~~~~^^^^^^^^^^^^^^^^^^^^^^^^^^^^^^^^^^
UnicodeEncodeError: 'charmap' codec can't encode character '\u2713' in position 44: character maps to <undefined>
Call stack:
  File "C:\Users\AFI-02-AI\Desktop\TrendSensei\server_py\rapidapi_amazon_collector.py", line 920, in <module>
    main()
  File "C:\Users\AFI-02-AI\Desktop\TrendSensei\server_py\rapidapi_amazon_collector.py", line 892, in main
    results = collector.collect_all()
  File "C:\Users\AFI-02-AI\Desktop\TrendSensei\server_py\rapidapi_amazon_collector.py", line 878, in collect_all
    res = self.collect_category(cat_id, cat_name)
  File "C:\Users\AFI-02-AI\Desktop\TrendSensei\server_py\rapidapi_amazon_collector.py", line 835, in collect_category
    response = self.api.get_products_by_category(
  File "C:\Users\AFI-02-AI\Desktop\TrendSensei\server_py\rest_client.py", line 283, in get_products_by_category
    logger.info(f"[RapidAPI] \u2713 Success: {products_count} products (total available: {total})")
Message: '[RapidAPI] \u2713 Success: 24 products (total available: 70657)'
Arguments: ()
--- Logging error ---
Traceback (most recent call last):
  File "C:\Python313\Lib\logging\__init__.py", line 1154, in emit
    stream.write(msg + self.terminator)
    ~~~~~~~~~~~~^^^^^^^^^^^^^^^^^^^^^^^
  File "C:\Python313\Lib\encodings\cp1252.py", line 19, in encode
    return codecs.charmap_encode(input,self.errors,encoding_table)[0]
           ~~~~~~~~~~~~~~~~~~~~~^^^^^^^^^^^^^^^^^^^^^^^^^^^^^^^^^^
UnicodeEncodeError: 'charmap' codec can't encode character '\u2713' in position 44: character maps to <undefined>
Call stack:
  File "C:\Users\AFI-02-AI\Desktop\TrendSensei\server_py\rapidapi_amazon_collector.py", line 920, in <module>
    main()
  File "C:\Users\AFI-02-AI\Desktop\TrendSensei\server_py\rapidapi_amazon_collector.py", line 892, in main
    results = collector.collect_all()
  File "C:\Users\AFI-02-AI\Desktop\TrendSensei\server_py\rapidapi_amazon_collector.py", line 878, in collect_all
    res = self.collect_category(cat_id, cat_name)
  File "C:\Users\AFI-02-AI\Desktop\TrendSensei\server_py\rapidapi_amazon_collector.py", line 835, in collect_category
    response = self.api.get_products_by_category(
  File "C:\Users\AFI-02-AI\Desktop\TrendSensei\server_py\rest_client.py", line 283, in get_products_by_category
    logger.info(f"[RapidAPI] \u2713 Success: {products_count} products (total available: {total})")
Message: '[RapidAPI] \u2713 Success: 24 products (total available: 72361)'
Arguments: ()
--- Logging error ---
Traceback (most recent call last):
  File "C:\Python313\Lib\logging\__init__.py", line 1154, in emit
    stream.write(msg + self.terminator)
    ~~~~~~~~~~~~^^^^^^^^^^^^^^^^^^^^^^^
  File "C:\Python313\Lib\encodings\cp1252.py", line 19, in encode
    return codecs.charmap_encode(input,self.errors,encoding_table)[0]
           ~~~~~~~~~~~~~~~~~~~~~^^^^^^^^^^^^^^^^^^^^^^^^^^^^^^^^^^
UnicodeEncodeError: 'charmap' codec can't encode character '\u2713' in position 44: character maps to <undefined>
Call stack:
  File "C:\Users\AFI-02-AI\Desktop\TrendSensei\server_py\rapidapi_amazon_collector.py", line 920, in <module>
    main()
  File "C:\Users\AFI-02-AI\Desktop\TrendSensei\server_py\rapidapi_amazon_collector.py", line 892, in main
    results = collector.collect_all()
  File "C:\Users\AFI-02-AI\Desktop\TrendSensei\server_py\rapidapi_amazon_collector.py", line 878, in collect_all
    res = self.collect_category(cat_id, cat_name)
  File "C:\Users\AFI-02-AI\Desktop\TrendSensei\server_py\rapidapi_amazon_collector.py", line 835, in collect_category
    response = self.api.get_products_by_category(
  File "C:\Users\AFI-02-AI\Desktop\TrendSensei\server_py\rest_client.py", line 283, in get_products_by_category
    logger.info(f"[RapidAPI] \u2713 Success: {products_count} products (total available: {total})")
Message: '[RapidAPI] \u2713 Success: 24 products (total available: 70657)'
Arguments: ()
--- Logging error ---
Traceback (most recent call last):
  File "C:\Python313\Lib\logging\__init__.py", line 1154, in emit
    stream.write(msg + self.terminator)
    ~~~~~~~~~~~~^^^^^^^^^^^^^^^^^^^^^^^
  File "C:\Python313\Lib\encodings\cp1252.py", line 19, in encode
    return codecs.charmap_encode(input,self.errors,encoding_table)[0]
           ~~~~~~~~~~~~~~~~~~~~~^^^^^^^^^^^^^^^^^^^^^^^^^^^^^^^^^^
UnicodeEncodeError: 'charmap' codec can't encode character '\u2713' in position 44: character maps to <undefined>
Call stack:
  File "C:\Users\AFI-02-AI\Desktop\TrendSensei\server_py\rapidapi_amazon_collector.py", line 920, in <module>
    main()
  File "C:\Users\AFI-02-AI\Desktop\TrendSensei\server_py\rapidapi_amazon_collector.py", line 892, in main
    results = collector.collect_all()
  File "C:\Users\AFI-02-AI\Desktop\TrendSensei\server_py\rapidapi_amazon_collector.py", line 878, in collect_all
    res = self.collect_category(cat_id, cat_name)
  File "C:\Users\AFI-02-AI\Desktop\TrendSensei\server_py\rapidapi_amazon_collector.py", line 835, in collect_category
    response = self.api.get_products_by_category(
  File "C:\Users\AFI-02-AI\Desktop\TrendSensei\server_py\rest_client.py", line 283, in get_products_by_category
    logger.info(f"[RapidAPI] \u2713 Success: {products_count} products (total available: {total})")
Message: '[RapidAPI] \u2713 Success: 24 products (total available: 71300)'
Arguments: ()
--- Logging error ---
Traceback (most recent call last):
  File "C:\Python313\Lib\logging\__init__.py", line 1154, in emit
    stream.write(msg + self.terminator)
    ~~~~~~~~~~~~^^^^^^^^^^^^^^^^^^^^^^^
  File "C:\Python313\Lib\encodings\cp1252.py", line 19, in encode
    return codecs.charmap_encode(input,self.errors,encoding_table)[0]
           ~~~~~~~~~~~~~~~~~~~~~^^^^^^^^^^^^^^^^^^^^^^^^^^^^^^^^^^
UnicodeEncodeError: 'charmap' codec can't encode character '\u2713' in position 44: character maps to <undefined>
Call stack:
  File "C:\Users\AFI-02-AI\Desktop\TrendSensei\server_py\rapidapi_amazon_collector.py", line 920, in <module>
    main()
  File "C:\Users\AFI-02-AI\Desktop\TrendSensei\server_py\rapidapi_amazon_collector.py", line 892, in main
    results = collector.collect_all()
  File "C:\Users\AFI-02-AI\Desktop\TrendSensei\server_py\rapidapi_amazon_collector.py", line 878, in collect_all
    res = self.collect_category(cat_id, cat_name)
  File "C:\Users\AFI-02-AI\Desktop\TrendSensei\server_py\rapidapi_amazon_collector.py", line 835, in collect_category
    response = self.api.get_products_by_category(
  File "C:\Users\AFI-02-AI\Desktop\TrendSensei\server_py\rest_client.py", line 283, in get_products_by_category
    logger.info(f"[RapidAPI] \u2713 Success: {products_count} products (total available: {total})")
Message: '[RapidAPI] \u2713 Success: 24 products (total available: 71739)'
Arguments: ()

2025-10-29 11:31:29,287 - __main__ - INFO - [SCHEDULER] SUCCESS - Collection completed successfully
2025-10-29 11:31:29,288 - apscheduler.executors.default - INFO - Job "TEST: RapidAPI Collection at 11:30 AM (trigger: cron[hour='11', minute='30'], next run at: 2025-10-30 11:30:00 IST)" executed successfully
